<?xml version="1.0" encoding="UTF-8"?>
<testng-results skipped="0" failed="0" ignored="0" total="1" passed="1">
  <reporter-output>
  </reporter-output>
  <suite name="All Test Suite" duration-ms="93273" started-at="2021-09-27T04:43:55Z" finished-at="2021-09-27T04:45:28Z">
    <groups>
      <group name="cucumber">
        <method signature="LoginRunner.feature(cucumber.api.testng.CucumberFeatureWrapper)[pri:0, instance:runners.LoginRunner@45820e51]" name="feature" class="runners.LoginRunner"/>
      </group> <!-- cucumber -->
    </groups>
    <test name="XenditMobileStoreiOSFramework" duration-ms="93273" started-at="2021-09-27T04:43:55Z" finished-at="2021-09-27T04:45:28Z">
      <class name="runners.LoginRunner">
        <test-method status="PASS" signature="setUpClass()[pri:0, instance:runners.LoginRunner@45820e51]" name="setUpClass" is-config="true" duration-ms="429" started-at="2021-09-27T04:43:55Z" finished-at="2021-09-27T04:43:55Z">
          <reporter-output>
          </reporter-output>
        </test-method> <!-- setUpClass -->
        <test-method status="PASS" signature="feature(cucumber.api.testng.CucumberFeatureWrapper)[pri:0, instance:runners.LoginRunner@45820e51]" name="feature" duration-ms="92168" started-at="2021-09-27T04:43:55Z" description="Runs Cucumber Feature" data-provider="features" finished-at="2021-09-27T04:45:27Z">
          <params>
            <param index="0">
              <value>
                <![CDATA[Sign In Functionality]]>
              </value>
            </param>
          </params>
          <reporter-output>
          </reporter-output>
        </test-method> <!-- feature -->
        <test-method status="PASS" signature="tearDownClass()[pri:0, instance:runners.LoginRunner@45820e51]" name="tearDownClass" is-config="true" duration-ms="564" started-at="2021-09-27T04:45:27Z" finished-at="2021-09-27T04:45:28Z">
          <reporter-output>
          </reporter-output>
        </test-method> <!-- tearDownClass -->
      </class> <!-- runners.LoginRunner -->
    </test> <!-- XenditMobileStoreiOSFramework -->
  </suite> <!-- All Test Suite -->
</testng-results>
